<?xml version="1.0" encoding="UTF-8"?>
<!-- Generated by org.testng.reporters.JUnitReportReporter -->
<testsuite hostname="DESKTOP-N3F108K" failures="0" tests="3" name="com.nocommerce.user.User_01_Register_Login_Repeate_Yourself" time="6.091" errors="0" timestamp="14 Jun 2021 12:03:15 GMT" skipped="0">
  <testcase classname="com.nocommerce.user.User_01_Register_Login_Repeate_Yourself" name="Tc_01_Register" time="5.017"/>
  <testcase classname="com.nocommerce.user.User_01_Register_Login_Repeate_Yourself" name="Tc_02_Login" time="1.073"/>
  <testcase classname="com.nocommerce.user.User_01_Register_Login_Repeate_Yourself" name="Tc_03_Verifymyaccount" time="0.001"/>
</testsuite> <!-- com.nocommerce.user.User_01_Register_Login_Repeate_Yourself -->
