<?xml version="1.0" encoding="UTF-8"?>
<!-- Generated by org.testng.reporters.JUnitReportReporter -->
<testsuite hostname="DESKTOP-N3F108K" failures="0" tests="1" name="com.nopcommerce.user.User_01_Regiter_Login" time="0.005" errors="0" timestamp="14 May 2021 16:02:03 GMT" skipped="0">
  <testcase classname="com.nopcommerce.user.User_01_Regiter_Login" name="TC_01_Regiter_Empty_Data" time="0.005"/>
</testsuite> <!-- com.nopcommerce.user.User_01_Regiter_Login -->
