<?xml version="1.0" encoding="UTF-8"?>
<!-- Generated by org.testng.reporters.JUnitReportReporter -->
<testsuite hostname="DESKTOP-N3F108K" failures="0" tests="3" name="com.nocommerce.user.Level_02_Register_BasePage_Part_III" time="17.942" errors="0" timestamp="15 Jun 2021 06:20:48 GMT" skipped="0">
  <testcase classname="com.nocommerce.user.Level_02_Register_BasePage_Part_III" name="Tc_02_Login" time="6.887"/>
  <testcase classname="com.nocommerce.user.Level_02_Register_BasePage_Part_III" name="Tc_03_Verifymyaccount" time="5.920"/>
  <testcase classname="com.nocommerce.user.Level_02_Register_BasePage_Part_III" name="Tc_01_Register" time="5.135"/>
</testsuite> <!-- com.nocommerce.user.Level_02_Register_BasePage_Part_III -->
