<?xml version="1.0" encoding="UTF-8"?>
<!-- Generated by org.testng.reporters.JUnitReportReporter -->
<testsuite hostname="DESKTOP-N3F108K" failures="0" tests="3" name="com.nocommerce.user.Level_02_Register_Login_Page_Object_Model" time="9.390" errors="0" timestamp="16 Jun 2021 10:21:53 GMT" skipped="0">
  <testcase classname="com.nocommerce.user.Level_02_Register_Login_Page_Object_Model" name="Tc_01_Register" time="5.955"/>
  <testcase classname="com.nocommerce.user.Level_02_Register_Login_Page_Object_Model" name="Tc_03_Verifymyaccount" time="1.403"/>
  <testcase classname="com.nocommerce.user.Level_02_Register_Login_Page_Object_Model" name="Tc_02_Login" time="2.032"/>
</testsuite> <!-- com.nocommerce.user.Level_02_Register_Login_Page_Object_Model -->
