<?xml version="1.0" encoding="UTF-8"?>
<!-- Generated by org.testng.reporters.JUnitReportReporter -->
<testsuite hostname="DESKTOP-N3F108K" failures="0" tests="3" name="com.nocommerce.user.Level_02_Register_BasePage_Part_I" time="13.641" errors="0" timestamp="15 Jun 2021 05:31:24 GMT" skipped="0">
  <testcase classname="com.nocommerce.user.Level_02_Register_BasePage_Part_I" name="Tc_03_Verifymyaccount" time="0.002"/>
  <testcase classname="com.nocommerce.user.Level_02_Register_BasePage_Part_I" name="Tc_02_Login" time="7.508"/>
  <testcase classname="com.nocommerce.user.Level_02_Register_BasePage_Part_I" name="Tc_01_Register" time="6.131"/>
</testsuite> <!-- com.nocommerce.user.Level_02_Register_BasePage_Part_I -->
