<?xml version="1.0" encoding="UTF-8"?>
<!-- Generated by org.testng.reporters.JUnitReportReporter -->
<testsuite hostname="DESKTOP-N3F108K" failures="0" tests="1" name="com.nocommerce.user.User_01_Register_Login" time="0.005" errors="0" timestamp="17 May 2021 16:04:03 GMT" skipped="0">
  <testcase classname="com.nocommerce.user.User_01_Register_Login" name="Tc_01_Register_Empty_Data" time="0.005"/>
</testsuite> <!-- com.nocommerce.user.User_01_Register_Login -->
