<?xml version="1.0" encoding="UTF-8"?>
<!-- Generated by org.testng.reporters.JUnitReportReporter -->
<testsuite hostname="DESKTOP-N3F108K" failures="0" tests="9" name="com.nocommerce.user.Level_04_Register_Login_Multiple_Browser" time="29.805" errors="0" timestamp="01 Jul 2021 06:55:58 GMT" skipped="0">
  <testcase classname="com.nocommerce.user.Level_04_Register_Login_Multiple_Browser" name="Tc_01_Register" time="6.652"/>
  <testcase classname="com.nocommerce.user.Level_04_Register_Login_Multiple_Browser" name="Tc_02_Login" time="1.633"/>
  <testcase classname="com.nocommerce.user.Level_04_Register_Login_Multiple_Browser" name="Tc_02_Login" time="2.227"/>
  <testcase classname="com.nocommerce.user.Level_04_Register_Login_Multiple_Browser" name="Tc_01_Register" time="5.074"/>
  <testcase classname="com.nocommerce.user.Level_04_Register_Login_Multiple_Browser" name="Tc_03_Verifymyaccount" time="1.657"/>
  <testcase classname="com.nocommerce.user.Level_04_Register_Login_Multiple_Browser" name="Tc_01_Register" time="7.272"/>
  <testcase classname="com.nocommerce.user.Level_04_Register_Login_Multiple_Browser" name="Tc_03_Verifymyaccount" time="1.239"/>
  <testcase classname="com.nocommerce.user.Level_04_Register_Login_Multiple_Browser" name="Tc_02_Login" time="2.399"/>
  <testcase classname="com.nocommerce.user.Level_04_Register_Login_Multiple_Browser" name="Tc_03_Verifymyaccount" time="1.652"/>
</testsuite> <!-- com.nocommerce.user.Level_04_Register_Login_Multiple_Browser -->
