<?xml version="1.0" encoding="UTF-8"?>
<!-- Generated by org.testng.reporters.JUnitReportReporter -->
<testsuite hostname="DESKTOP-N3F108K" failures="0" tests="3" name="com.nocommerce.user.Level_05_Register_Login_Page_Factory" time="17.763" errors="0" timestamp="20 Sep 2021 15:18:04 GMT" skipped="0">
  <testcase classname="com.nocommerce.user.Level_05_Register_Login_Page_Factory" name="Tc_01_Register" time="10.970"/>
  <testcase classname="com.nocommerce.user.Level_05_Register_Login_Page_Factory" name="Tc_03_Verifymyaccount" time="1.325"/>
  <testcase classname="com.nocommerce.user.Level_05_Register_Login_Page_Factory" name="Tc_02_Login" time="5.468"/>
</testsuite> <!-- com.nocommerce.user.Level_05_Register_Login_Page_Factory -->
